SF:src/__init__.py
end_of_record
SF:src/agent.py
DA:1,0
DA:2,0
DA:4,0
DA:6,0
DA:7,0
DA:8,0
DA:9,0
DA:10,0
DA:11,0
DA:14,0
DA:25,0
DA:27,0
DA:30,0
DA:40,0
DA:43,0
DA:49,0
DA:51,0
DA:52,0
DA:53,0
DA:54,0
DA:55,0
DA:56,0
DA:58,0
DA:59,0
DA:61,0
DA:63,0
DA:65,0
DA:67,0
DA:73,0
DA:75,0
DA:78,0
DA:79,0
DA:80,0
DA:82,0
DA:83,0
DA:84,0
DA:85,0
DA:86,0
DA:88,0
DA:89,0
DA:91,0
DA:92,0
DA:93,0
DA:94,0
DA:95,0
DA:96,0
DA:99,0
DA:100,0
DA:103,0
DA:104,0
DA:109,0
DA:110,0
DA:116,0
DA:117,0
DA:119,0
DA:120,0
DA:123,0
DA:124,0
DA:125,0
DA:126,0
DA:129,0
DA:130,0
DA:133,0
DA:134,0
DA:137,0
DA:138,0
DA:139,0
DA:142,0
DA:144,0
DA:145,0
DA:146,0
DA:147,0
DA:148,0
DA:149,0
LF:74
LH:0
FN:25,43,Agent.__init__
FNDA:0,Agent.__init__
FN:49,59,Agent._update_state
FNDA:0,Agent._update_state
FN:61,63,Agent._update_planning_policy
FNDA:0,Agent._update_planning_policy
FN:65,67,Agent._collect_feedback
FNDA:0,Agent._collect_feedback
FN:73,110,Agent._perform_planned_action
FNDA:0,Agent._perform_planned_action
FN:116,149,Agent.start_runtime_loop
FNDA:0,Agent.start_runtime_loop
FNF:6
FNH:0
end_of_record
SF:src/core/__init__.py
end_of_record
SF:src/core/config.py
DA:1,0
DA:3,0
DA:4,0
DA:6,0
DA:9,0
DA:12,0
DA:19,0
DA:22,0
DA:25,0
DA:28,0
DA:29,0
DA:30,0
DA:33,0
DA:34,0
DA:35,0
DA:36,0
DA:41,0
DA:44,0
DA:49,0
DA:52,0
DA:57,0
DA:60,0
DA:63,0
DA:66,0
DA:71,0
DA:74,0
DA:77,0
DA:80,0
DA:84,0
DA:85,0
DA:87,0
DA:88,0
DA:89,0
DA:90,0
DA:91,0
DA:92,0
DA:96,0
DA:97,0
DA:99,0
DA:100,0
DA:101,0
DA:103,0
DA:105,0
DA:106,0
DA:107,0
DA:108,0
DA:109,0
DA:112,0
LF:48
LH:0
FN:85,94,Settings.validate_environment
FNDA:0,Settings.validate_environment
FN:97,101,Settings.parse_reviewer_chat_ids
FNDA:0,Settings.parse_reviewer_chat_ids
FN:103,109,Settings.validate_memory_settings
FNDA:0,Settings.validate_memory_settings
FNF:3
FNH:0
end_of_record
SF:src/core/defs.py
DA:3,0
DA:6,0
DA:9,0
DA:10,0
DA:11,0
LF:5
LH:0
end_of_record
SF:src/core/exceptions.py
DA:4,0
DA:7,0
DA:10,0
DA:13,0
DA:16,0
DA:19,0
DA:22,0
DA:25,0
DA:28,0
DA:31,0
DA:34,0
DA:37,0
LF:12
LH:0
end_of_record
SF:src/feedback/__init__.py
end_of_record
SF:src/feedback/feedback_module.py
DA:1,0
DA:3,0
DA:6,0
DA:11,0
DA:13,0
DA:15,0
DA:26,0
DA:29,0
DA:30,0
DA:31,0
DA:33,0
DA:34,0
DA:37,0
DA:38,0
DA:41,0
DA:47,0
DA:49,0
DA:50,0
DA:52,0
DA:62,0
DA:64,0
DA:68,0
DA:69,0
LF:23
LH:0
FN:11,13,FeedbackModule.__init__
FNDA:0,FeedbackModule.__init__
FN:15,50,FeedbackModule.collect_feedback
FNDA:0,FeedbackModule.collect_feedback
FN:52,62,FeedbackModule.get_feedback_history
FNDA:0,FeedbackModule.get_feedback_history
FN:64,69,FeedbackModule.reset_feedback_history
FNDA:0,FeedbackModule.reset_feedback_history
FNF:4
FNH:0
end_of_record
SF:src/llm/__init__.py
end_of_record
SF:src/llm/embeddings.py
DA:1,0
DA:3,0
DA:4,0
DA:5,0
DA:7,0
DA:10,0
DA:13,0
DA:25,0
DA:26,0
DA:28,0
DA:42,0
DA:43,0
DA:46,0
DA:48,0
DA:49,0
DA:50,0
DA:53,0
DA:54,0
DA:56,0
DA:57,0
DA:58,0
LF:21
LH:0
FN:13,26,EmbeddingGenerator.__init__
FNDA:0,EmbeddingGenerator.__init__
FN:28,58,EmbeddingGenerator.get_embedding
FNDA:0,EmbeddingGenerator.get_embedding
FNF:2
FNH:0
end_of_record
SF:src/llm/oai_client.py
DA:1,0
DA:3,0
DA:4,0
DA:7,0
DA:12,0
DA:13,0
DA:14,0
DA:17,0
DA:18,0
LF:9
LH:0
FN:7,14,call_openai_api
FNDA:0,call_openai_api
FN:17,18,get_oai_client
FNDA:0,get_oai_client
FNF:2
FNH:0
end_of_record
SF:src/main.py
DA:1,0
DA:3,0
DA:5,0
DA:8,0
DA:11,0
DA:15,0
DA:18,0
DA:20,0
DA:22,0
DA:23,0
DA:24,0
DA:26,0
DA:29,0
DA:33,0
DA:34,0
DA:35,0
DA:36,0
DA:37,0
DA:38,0
DA:41,0
DA:42,0
LF:21
LH:0
FN:11,26,async_main
FNDA:0,async_main
FN:29,38,main
FNDA:0,main
FNF:2
FNH:0
end_of_record
SF:src/memory/__init__.py
end_of_record
SF:src/memory/backends/__init__.py
end_of_record
SF:src/memory/backends/in_memory_backend.py
DA:1,0
LF:1
LH:0
end_of_record
SF:src/memory/backends/qdrant_backend.py
DA:1,0
LF:1
LH:0
end_of_record
SF:src/memory/memory_module.py
DA:1,0
DA:2,0
DA:3,0
DA:5,0
DA:6,0
DA:7,0
DA:8,0
DA:9,0
DA:11,0
DA:12,0
DA:13,0
DA:16,0
DA:17,0
DA:51,0
DA:65,0
DA:66,0
DA:67,0
DA:68,0
DA:71,0
DA:72,0
DA:73,0
DA:74,0
DA:75,0
DA:76,0
DA:83,0
DA:89,0
DA:90,0
DA:91,0
DA:92,0
DA:94,0
DA:100,0
DA:101,0
DA:103,0
DA:104,0
DA:114,0
DA:115,0
DA:116,0
DA:118,0
DA:123,0
DA:124,0
DA:125,0
DA:130,0
DA:131,0
DA:132,0
DA:133,0
DA:134,0
DA:135,0
DA:136,0
DA:137,0
DA:140,0
DA:142,0
LF:51
LH:0
FN:17,81,MemoryModule.__init__
FNDA:0,MemoryModule.__init__
FN:83,116,MemoryModule.store
FNDA:0,MemoryModule.store
FN:118,137,MemoryModule.search
FNDA:0,MemoryModule.search
FN:140,142,get_memory_module
FNDA:0,get_memory_module
FNF:4
FNH:0
end_of_record
SF:src/planning/__init__.py
end_of_record
SF:src/planning/planning_module.py
DA:1,0
DA:2,0
DA:3,0
DA:5,0
DA:7,0
DA:10,0
DA:13,0
DA:37,0
DA:38,0
DA:44,0
DA:47,0
DA:48,0
DA:49,0
DA:52,0
DA:55,0
DA:57,0
DA:64,0
DA:65,0
DA:66,0
DA:67,0
DA:68,0
DA:69,0
DA:70,0
DA:71,0
DA:72,0
DA:74,0
DA:78,0
DA:79,0
DA:80,0
DA:81,0
DA:82,0
DA:83,0
DA:85,0
DA:96,0
DA:97,0
DA:98,0
DA:101,0
DA:103,0
DA:106,0
DA:107,0
DA:108,0
DA:109,0
DA:111,0
DA:122,0
DA:123,0
DA:124,0
DA:125,0
DA:127,0
DA:128,0
DA:131,0
DA:132,0
DA:135,0
DA:138,0
LF:53
LH:0
FN:13,55,PlanningModule.__init__
FNDA:0,PlanningModule.__init__
FN:57,72,PlanningModule._load_q_table
FNDA:0,PlanningModule._load_q_table
FN:74,83,PlanningModule._save_q_table
FNDA:0,PlanningModule._save_q_table
FN:85,109,PlanningModule.get_action
FNDA:0,PlanningModule.get_action
FN:111,138,PlanningModule.update_q_table
FNDA:0,PlanningModule.update_q_table
FNF:5
FNH:0
end_of_record
SF:src/tools/__init__.py
end_of_record
SF:src/tools/get_signal.py
DA:1,0
DA:2,0
DA:5,0
DA:14,0
DA:16,0
DA:17,0
DA:18,0
DA:19,0
DA:20,0
DA:21,0
DA:22,0
DA:24,0
DA:25,0
DA:26,0
DA:27,0
DA:28,0
LF:16
LH:0
FN:5,28,fetch_signal
FNDA:0,fetch_signal
FNF:1
FNH:0
end_of_record
SF:src/tools/tg.py
DA:1,0
DA:3,0
DA:4,0
DA:5,0
DA:6,0
DA:8,0
DA:9,0
DA:12,0
DA:14,0
DA:16,0
DA:18,0
DA:21,0
DA:24,0
DA:36,0
DA:37,0
DA:39,0
DA:40,0
DA:41,0
DA:42,0
DA:43,0
DA:44,0
DA:47,0
DA:61,0
DA:62,0
DA:63,0
DA:65,0
DA:66,0
DA:72,0
DA:73,0
DA:74,0
DA:75,0
DA:79,0
DA:81,0
DA:82,0
DA:83,0
LF:35
LH:0
FN:24,44,split_long_message
FNDA:0,split_long_message
FN:47,83,post_summary_to_telegram
FNDA:0,post_summary_to_telegram
FNF:2
FNH:0
end_of_record
SF:src/tools/twitter.py
DA:1,0
DA:2,0
DA:3,0
DA:5,0
DA:6,0
DA:7,0
DA:8,0
DA:10,0
DA:11,0
DA:14,0
DA:21,0
DA:22,0
DA:23,0
DA:26,0
DA:33,0
DA:41,0
DA:51,0
DA:53,0
DA:59,0
DA:60,0
DA:61,0
DA:62,0
DA:65,0
DA:66,0
DA:67,0
DA:68,0
DA:69,0
DA:72,0
DA:73,0
DA:74,0
DA:75,0
DA:76,0
DA:77,0
DA:78,0
DA:81,0
DA:92,0
DA:93,0
DA:94,0
DA:95,0
DA:97,0
DA:99,0
DA:100,0
DA:102,0
DA:103,0
DA:104,0
DA:106,0
DA:107,0
DA:109,0
DA:111,0
DA:115,0
DA:116,0
DA:117,0
DA:118,0
DA:121,0
DA:122,0
DA:123,0
DA:124,0
DA:126,0
LF:58
LH:0
FN:14,23,get_twitter_conn_v1
FNDA:0,get_twitter_conn_v1
FN:26,38,get_twitter_conn_v2
FNDA:0,get_twitter_conn_v2
FN:41,78,upload_media_v1
FNDA:0,upload_media_v1
FN:81,126,post_twitter_thread
FNDA:0,post_twitter_thread
FNF:4
FNH:0
end_of_record
SF:src/workflows/__init__.py
end_of_record
SF:src/workflows/analyze_signal.py
DA:1,0
DA:3,0
DA:5,0
DA:8,0
DA:14,0
DA:15,0
DA:16,0
DA:17,0
DA:19,0
DA:20,0
DA:21,0
DA:22,0
DA:24,0
DA:25,0
LF:14
LH:0
FN:8,25,analyze_signal
FNDA:0,analyze_signal
FNF:1
FNH:0
end_of_record
SF:src/workflows/research_news.py
DA:1,0
DA:3,0
DA:5,0
DA:6,0
DA:7,0
DA:10,0
DA:18,0
DA:20,0
DA:21,0
DA:24,0
DA:25,0
DA:28,0
DA:31,0
DA:32,0
DA:33,0
DA:34,0
DA:35,0
DA:36,0
DA:37,0
LF:19
LH:0
FN:10,37,analyze_news_workflow
FNDA:0,analyze_news_workflow
FNF:1
FNH:0
end_of_record
