SF:src/__init__.py
end_of_record
SF:src/agent.py
DA:1,0
DA:2,0
DA:4,0
DA:6,0
DA:7,0
DA:8,0
DA:9,0
DA:10,0
DA:11,0
DA:12,0
DA:15,0
DA:33,0
DA:35,0
DA:38,0
DA:44,0
DA:47,0
DA:51,0
DA:53,0
DA:59,0
DA:61,0
DA:62,0
DA:63,0
DA:64,0
DA:65,0
DA:66,0
DA:68,0
DA:70,0
DA:74,0
DA:76,0
DA:78,0
DA:84,0
DA:86,0
DA:89,0
DA:90,0
DA:91,0
DA:93,0
DA:94,0
DA:95,0
DA:96,0
DA:97,0
DA:99,0
DA:100,0
DA:102,0
DA:103,0
DA:104,0
DA:105,0
DA:106,0
DA:107,0
DA:108,0
DA:111,0
DA:112,0
DA:115,0
DA:118,0
DA:119,0
DA:125,0
DA:127,0
DA:128,0
DA:129,0
DA:132,0
DA:133,0
DA:134,0
DA:137,0
DA:138,0
DA:141,0
DA:142,0
DA:145,0
DA:146,0
DA:147,0
DA:150,0
DA:151,0
DA:153,0
DA:154,0
DA:155,0
DA:156,0
DA:157,0
DA:158,0
LF:76
LH:0
FN:33,53,Agent.__init__
FNDA:0,Agent.__init__
FN:59,68,Agent._update_state
FNDA:0,Agent._update_state
FN:70,74,Agent._update_planning_policy
FNDA:0,Agent._update_planning_policy
FN:76,78,Agent._collect_feedback
FNDA:0,Agent._collect_feedback
FN:84,119,Agent._perform_planned_action
FNDA:0,Agent._perform_planned_action
FN:125,158,Agent.start_runtime_loop
FNDA:0,Agent.start_runtime_loop
FNF:6
FNH:0
end_of_record
SF:src/core/__init__.py
end_of_record
SF:src/core/config.py
DA:1,1
DA:3,1
DA:4,1
DA:6,1
DA:9,1
DA:12,1
DA:23,1
DA:26,1
DA:31,1
DA:34,1
DA:35,1
DA:36,1
DA:41,1
DA:44,1
DA:47,1
DA:50,1
DA:53,1
DA:56,1
DA:60,1
DA:63,1
DA:64,1
DA:67,1
DA:68,1
DA:69,1
DA:76,1
DA:88,1
DA:91,1
DA:100,1
DA:103,1
DA:108,1
DA:111,1
DA:114,1
DA:117,1
DA:122,1
DA:125,1
DA:128,1
DA:129,1
DA:140,1
DA:146,1
DA:147,1
DA:149,1
DA:150,0
DA:151,1
DA:152,1
DA:153,0
DA:154,0
DA:158,1
DA:160,0
DA:161,0
DA:162,0
DA:163,0
DA:164,0
DA:167,1
LF:53
LH:45
FN:147,156,Settings.validate_environment
FNDA:1,Settings.validate_environment
FN:158,164,Settings.validate_memory_settings
FNDA:0,Settings.validate_memory_settings
FNF:2
FNH:1
end_of_record
SF:src/core/defs.py
DA:3,1
DA:6,1
DA:9,1
DA:10,1
DA:11,1
DA:14,1
DA:17,1
DA:18,1
DA:19,1
DA:22,1
DA:25,1
DA:26,1
DA:27,1
DA:28,1
DA:29,1
DA:32,1
DA:35,1
DA:36,1
DA:39,1
DA:42,1
DA:43,1
LF:21
LH:21
end_of_record
SF:src/core/exceptions.py
DA:4,0
DA:7,0
DA:10,0
DA:13,0
DA:16,0
DA:19,0
DA:22,0
DA:25,0
DA:28,0
DA:31,0
DA:34,0
DA:37,0
DA:40,0
DA:43,0
LF:14
LH:0
end_of_record
SF:src/feedback/__init__.py
end_of_record
SF:src/feedback/feedback_module.py
DA:1,0
DA:3,0
DA:6,0
DA:11,0
DA:13,0
DA:15,0
DA:26,0
DA:29,0
DA:30,0
DA:31,0
DA:33,0
DA:34,0
DA:37,0
DA:38,0
DA:41,0
DA:47,0
DA:49,0
DA:50,0
DA:52,0
DA:62,0
DA:64,0
DA:68,0
DA:69,0
LF:23
LH:0
FN:11,13,FeedbackModule.__init__
FNDA:0,FeedbackModule.__init__
FN:15,50,FeedbackModule.collect_feedback
FNDA:0,FeedbackModule.collect_feedback
FN:52,62,FeedbackModule.get_feedback_history
FNDA:0,FeedbackModule.get_feedback_history
FN:64,69,FeedbackModule.reset_feedback_history
FNDA:0,FeedbackModule.reset_feedback_history
FNF:4
FNH:0
end_of_record
SF:src/llm/__init__.py
end_of_record
SF:src/llm/embeddings.py
DA:1,0
DA:3,0
DA:4,0
DA:5,0
DA:7,0
DA:8,0
DA:11,0
DA:14,0
DA:26,0
DA:27,0
DA:29,0
DA:43,0
DA:44,0
DA:47,0
DA:49,0
DA:50,0
DA:51,0
DA:54,0
DA:55,0
DA:57,0
DA:58,0
DA:59,0
LF:22
LH:0
FN:14,27,EmbeddingGenerator.__init__
FNDA:0,EmbeddingGenerator.__init__
FN:29,59,EmbeddingGenerator.get_embedding
FNDA:0,EmbeddingGenerator.get_embedding
FNF:2
FNH:0
end_of_record
SF:src/llm/llm.py
DA:1,0
DA:3,0
DA:4,0
DA:6,0
DA:7,0
DA:8,0
DA:9,0
DA:10,0
DA:13,0
DA:18,0
DA:23,0
DA:24,0
DA:26,0
DA:38,0
DA:39,0
DA:43,0
DA:45,0
DA:46,0
DA:47,0
DA:48,0
DA:50,0
DA:54,0
DA:55,0
LF:23
LH:0
FN:18,24,LLM.__init__
FNDA:0,LLM.__init__
FN:26,50,LLM.generate_response
FNDA:0,LLM.generate_response
FN:54,55,get_oai_client
FNDA:0,get_oai_client
FNF:3
FNH:0
end_of_record
SF:src/llm/providers/__init__.py
end_of_record
SF:src/llm/providers/anthropic.py
DA:1,0
DA:3,0
DA:4,0
DA:6,0
DA:7,0
DA:10,0
DA:22,0
DA:24,0
DA:25,0
DA:28,0
DA:29,0
DA:30,0
DA:31,0
DA:32,0
DA:33,0
DA:35,0
DA:36,0
DA:38,0
DA:40,0
DA:41,0
DA:47,0
DA:48,0
DA:49,0
DA:50,0
DA:51,0
DA:52,0
LF:26
LH:0
FN:10,52,call_anthropic
FNDA:0,call_anthropic
FNF:1
FNH:0
end_of_record
SF:src/llm/providers/oai.py
DA:1,0
DA:3,0
DA:4,0
DA:6,0
DA:7,0
DA:10,0
DA:22,0
DA:24,0
DA:25,0
DA:27,0
DA:31,0
DA:32,0
DA:37,0
DA:38,0
DA:40,0
DA:41,0
DA:42,0
DA:43,0
DA:44,0
DA:45,0
LF:20
LH:0
FN:10,45,call_openai
FNDA:0,call_openai
FNF:1
FNH:0
end_of_record
SF:src/main.py
DA:1,0
DA:3,0
DA:5,0
DA:6,0
DA:9,0
DA:12,0
DA:16,0
DA:17,0
DA:20,0
DA:22,0
DA:24,0
DA:25,0
DA:26,0
DA:28,0
DA:31,0
DA:35,0
DA:36,0
DA:37,0
DA:38,0
DA:39,0
DA:40,0
DA:43,0
DA:44,0
LF:23
LH:0
FN:12,28,async_main
FNDA:0,async_main
FN:31,40,main
FNDA:0,main
FNF:2
FNH:0
end_of_record
SF:src/memory/__init__.py
end_of_record
SF:src/memory/backends/__init__.py
end_of_record
SF:src/memory/backends/chroma.py
DA:1,0
DA:2,0
DA:3,0
DA:4,0
DA:6,0
DA:7,0
DA:8,0
DA:10,0
DA:13,0
DA:16,0
DA:17,0
DA:26,0
DA:28,0
DA:29,0
DA:31,0
DA:34,0
DA:37,0
DA:43,0
DA:48,0
DA:49,0
DA:52,0
DA:53,0
DA:54,0
DA:55,0
DA:57,0
DA:75,0
DA:76,0
DA:78,0
DA:79,0
DA:80,0
DA:84,0
DA:86,0
DA:87,0
DA:93,0
DA:94,0
DA:95,0
DA:96,0
DA:98,0
DA:109,0
DA:111,0
DA:112,0
DA:115,0
DA:116,0
DA:117,0
DA:118,0
DA:119,0
DA:120,0
DA:121,0
DA:123,0
DA:124,0
DA:125,0
DA:126,0
LF:52
LH:0
FN:17,26,MemoryBackend.store
FNDA:0,MemoryBackend.store
FN:29,31,MemoryBackend.search
FNDA:0,MemoryBackend.search
FN:37,55,ChromaBackend.__init__
FNDA:0,ChromaBackend.__init__
FN:57,96,ChromaBackend.store
FNDA:0,ChromaBackend.store
FN:98,126,ChromaBackend.search
FNDA:0,ChromaBackend.search
FNF:5
FNH:0
end_of_record
SF:src/memory/backends/qdrant.py
DA:1,0
DA:2,0
DA:3,0
DA:5,0
DA:6,0
DA:7,0
DA:8,0
DA:10,0
DA:11,0
DA:14,0
DA:17,0
DA:25,0
DA:26,0
DA:27,0
DA:30,0
DA:31,0
DA:32,0
DA:33,0
DA:34,0
DA:35,0
DA:42,0
DA:60,0
DA:61,0
DA:63,0
DA:69,0
DA:70,0
DA:72,0
DA:73,0
DA:83,0
DA:84,0
DA:85,0
DA:86,0
DA:88,0
DA:99,0
DA:100,0
DA:105,0
DA:106,0
DA:107,0
DA:108,0
LF:39
LH:0
FN:17,40,QdrantBackend.__init__
FNDA:0,QdrantBackend.__init__
FN:42,86,QdrantBackend.store
FNDA:0,QdrantBackend.store
FN:88,108,QdrantBackend.search
FNDA:0,QdrantBackend.search
FNF:3
FNH:0
end_of_record
SF:src/memory/memory_module.py
DA:1,0
DA:3,0
DA:4,0
DA:6,0
DA:7,0
DA:8,0
DA:9,0
DA:10,0
DA:11,0
DA:14,0
DA:15,0
DA:38,0
DA:41,0
DA:42,0
DA:43,0
DA:49,0
DA:50,0
DA:55,0
DA:56,0
DA:58,0
DA:70,0
DA:71,0
DA:72,0
DA:73,0
DA:81,0
DA:92,0
DA:93,0
DA:94,0
DA:100,0
DA:105,0
LF:30
LH:0
FN:15,56,MemoryModule.__init__
FNDA:0,MemoryModule.__init__
FN:58,79,MemoryModule.store
FNDA:0,MemoryModule.store
FN:81,97,MemoryModule.search
FNDA:0,MemoryModule.search
FN:100,105,get_memory_module
FNDA:0,get_memory_module
FNF:4
FNH:0
end_of_record
SF:src/planning/__init__.py
end_of_record
SF:src/planning/planning_module.py
DA:1,0
DA:2,0
DA:3,0
DA:5,0
DA:7,0
DA:8,0
DA:11,0
DA:14,0
DA:49,0
DA:50,0
DA:52,0
DA:55,0
DA:56,0
DA:57,0
DA:60,0
DA:63,0
DA:65,0
DA:72,0
DA:73,0
DA:74,0
DA:75,0
DA:76,0
DA:77,0
DA:78,0
DA:79,0
DA:80,0
DA:82,0
DA:86,0
DA:87,0
DA:88,0
DA:89,0
DA:90,0
DA:91,0
DA:93,0
DA:104,0
DA:105,0
DA:106,0
DA:107,0
DA:110,0
DA:112,0
DA:115,0
DA:116,0
DA:117,0
DA:118,0
DA:120,0
DA:133,0
DA:134,0
DA:135,0
DA:136,0
DA:137,0
DA:138,0
DA:140,0
DA:141,0
DA:144,0
DA:145,0
DA:148,0
DA:151,0
LF:57
LH:0
FN:14,63,PlanningModule.__init__
FNDA:0,PlanningModule.__init__
FN:65,80,PlanningModule._load_q_table
FNDA:0,PlanningModule._load_q_table
FN:82,91,PlanningModule._save_q_table
FNDA:0,PlanningModule._save_q_table
FN:93,118,PlanningModule.get_action
FNDA:0,PlanningModule.get_action
FN:120,151,PlanningModule.update_q_table
FNDA:0,PlanningModule.update_q_table
FNF:5
FNH:0
end_of_record
SF:src/tools/__init__.py
end_of_record
SF:src/tools/get_signal.py
DA:1,0
DA:2,0
DA:4,0
DA:5,0
DA:7,0
DA:8,0
DA:11,0
DA:14,0
DA:20,0
DA:22,0
DA:23,0
DA:24,0
DA:25,0
DA:26,0
DA:32,0
DA:33,0
DA:34,0
DA:35,0
DA:37,0
DA:38,0
DA:39,0
DA:40,0
DA:41,0
DA:44,0
DA:54,0
DA:55,0
DA:56,0
DA:57,0
DA:58,0
DA:59,0
DA:60,0
DA:61,0
DA:62,0
DA:64,0
DA:65,0
DA:66,0
DA:67,0
DA:68,0
LF:38
LH:0
FN:20,41,get_coinstats_news
FNDA:0,get_coinstats_news
FN:44,68,fetch_signal
FNDA:0,fetch_signal
FNF:2
FNH:0
end_of_record
SF:src/tools/search_with_perplexity.py
DA:1,0
DA:2,0
DA:4,0
DA:5,0
DA:8,0
DA:17,0
DA:18,0
DA:19,0
DA:20,0
DA:21,0
DA:23,0
DA:53,0
DA:58,0
DA:61,0
DA:64,0
DA:65,0
DA:67,0
DA:68,0
DA:73,0
DA:76,0
DA:77,0
DA:78,0
DA:79,0
DA:80,0
DA:81,0
DA:82,0
DA:83,0
DA:84,0
DA:85,0
DA:88,0
DA:99,0
DA:102,0
DA:105,0
DA:106,0
LF:34
LH:0
FN:8,85,search_with_perplexity
FNDA:0,search_with_perplexity
FN:88,106,estimate_perplexity_cost_per_request
FNDA:0,estimate_perplexity_cost_per_request
FNF:2
FNH:0
end_of_record
SF:src/tools/tg.py
DA:1,0
DA:3,0
DA:4,0
DA:5,0
DA:6,0
DA:8,0
DA:9,0
DA:12,0
DA:14,0
DA:17,0
DA:20,0
DA:32,0
DA:33,0
DA:35,0
DA:36,0
DA:37,0
DA:38,0
DA:39,0
DA:40,0
DA:43,0
DA:57,0
DA:58,0
DA:59,0
DA:61,0
DA:62,0
DA:68,0
DA:69,0
DA:70,0
DA:71,0
DA:75,0
DA:77,0
DA:78,0
DA:79,0
LF:33
LH:0
FN:20,40,split_long_message
FNDA:0,split_long_message
FN:43,79,post_summary_to_telegram
FNDA:0,post_summary_to_telegram
FNF:2
FNH:0
end_of_record
SF:src/tools/twitter.py
DA:1,0
DA:2,0
DA:3,0
DA:5,0
DA:6,0
DA:7,0
DA:8,0
DA:10,0
DA:11,0
DA:14,0
DA:21,0
DA:22,0
DA:23,0
DA:26,0
DA:33,0
DA:41,0
DA:51,0
DA:53,0
DA:59,0
DA:60,0
DA:61,0
DA:62,0
DA:65,0
DA:66,0
DA:67,0
DA:68,0
DA:69,0
DA:72,0
DA:73,0
DA:74,0
DA:75,0
DA:76,0
DA:77,0
DA:78,0
DA:81,0
DA:92,0
DA:93,0
DA:94,0
DA:95,0
DA:97,0
DA:99,0
DA:100,0
DA:102,0
DA:103,0
DA:104,0
DA:106,0
DA:107,0
DA:109,0
DA:111,0
DA:115,0
DA:116,0
DA:117,0
DA:118,0
DA:121,0
DA:122,0
DA:123,0
DA:124,0
DA:126,0
LF:58
LH:0
FN:14,23,get_twitter_conn_v1
FNDA:0,get_twitter_conn_v1
FN:26,38,get_twitter_conn_v2
FNDA:0,get_twitter_conn_v2
FN:41,78,upload_media_v1
FNDA:0,upload_media_v1
FN:81,126,post_twitter_thread
FNDA:0,post_twitter_thread
FNF:4
FNH:0
end_of_record
SF:src/utils.py
DA:1,1
DA:3,1
DA:6,1
DA:8,1
DA:9,1
DA:10,1
DA:13,1
DA:14,1
DA:15,1
DA:16,1
DA:17,1
DA:20,1
DA:21,1
DA:22,1
DA:23,1
DA:26,1
DA:27,1
DA:28,1
DA:29,1
DA:30,1
DA:31,1
DA:33,1
LF:22
LH:22
FN:6,33,log_settings
FNDA:1,log_settings
FNF:1
FNH:1
end_of_record
SF:src/workflows/__init__.py
end_of_record
SF:src/workflows/analyze_signal.py
DA:1,0
DA:3,0
DA:5,0
DA:6,0
DA:7,0
DA:8,0
DA:11,0
DA:13,0
DA:14,0
DA:15,0
DA:17,0
DA:18,0
DA:19,0
DA:22,0
DA:23,0
DA:24,0
DA:25,0
DA:27,0
DA:29,0
DA:30,0
DA:33,0
DA:34,0
DA:39,0
DA:40,0
DA:43,0
DA:46,0
DA:47,0
DA:48,0
DA:51,0
DA:58,0
DA:60,0
DA:61,0
DA:62,0
DA:64,0
DA:65,0
DA:67,0
DA:68,0
DA:69,0
LF:38
LH:0
FN:11,69,analyze_signal
FNDA:0,analyze_signal
FNF:1
FNH:0
end_of_record
SF:src/workflows/research_news.py
DA:1,0
DA:3,0
DA:5,0
DA:6,0
DA:7,0
DA:10,0
DA:15,0
DA:16,0
DA:18,0
DA:19,0
DA:22,0
DA:23,0
DA:28,0
DA:29,0
DA:32,0
DA:35,0
DA:36,0
DA:37,0
DA:38,0
DA:39,0
DA:40,0
DA:41,0
LF:22
LH:0
FN:10,41,analyze_news_workflow
FNDA:0,analyze_news_workflow
FNF:1
FNH:0
end_of_record
